<?xml version="1.0" encoding="UTF-8"?>
<coverage generated="1556130114812" clover="3.2.0">
  <project timestamp="1556130114813" name="All files">
    <metrics statements="6" coveredstatements="4" conditionals="0" coveredconditionals="0" methods="6" coveredmethods="1" elements="12" coveredelements="5" complexity="0" loc="6" ncloc="6" packages="2" files="2" classes="2"/>
    <package name="pages">
      <metrics statements="5" coveredstatements="3" conditionals="0" coveredconditionals="0" methods="5" coveredmethods="1"/>
      <file name="index.js" path="/Users/yves/Desktop/Andela/Simulations/miniproject/readit_frontend/src/pages/index.js">
        <metrics statements="5" coveredstatements="3" conditionals="0" coveredconditionals="0" methods="5" coveredmethods="1"/>
        <line num="4" count="1" type="stmt"/>
        <line num="5" count="1" type="stmt"/>
        <line num="6" count="0" type="stmt"/>
        <line num="10" count="1" type="stmt"/>
        <line num="11" count="0" type="stmt"/>
      </file>
    </package>
    <package name="redux.actions">
      <metrics statements="1" coveredstatements="1" conditionals="0" coveredconditionals="0" methods="1" coveredmethods="0"/>
      <file name="index.js" path="/Users/yves/Desktop/Andela/Simulations/miniproject/readit_frontend/src/redux/actions/index.js">
        <metrics statements="1" coveredstatements="1" conditionals="0" coveredconditionals="0" methods="1" coveredmethods="0"/>
        <line num="1" count="1" type="stmt"/>
      </file>
    </package>
  </project>
</coverage>
