{"/Users/yves/Desktop/Andela/Simulations/miniproject/readit_frontend/src/pages/index.js": {"path":"/Users/yves/Desktop/Andela/Simulations/miniproject/readit_frontend/src/pages/index.js","statementMap":{"0":{"start":{"line":4,"column":26},"end":{"line":4,"column":59}},"1":{"start":{"line":4,"column":32},"end":{"line":4,"column":59}},"2":{"start":{"line":5,"column":15},"end":{"line":9,"column":1}},"3":{"start":{"line":6,"column":2},"end":{"line":8,"column":11}},"4":{"start":{"line":6,"column":40},"end":{"line":6,"column":59}},"5":{"start":{"line":10,"column":27},"end":{"line":12,"column":2}},"6":{"start":{"line":10,"column":40},"end":{"line":12,"column":1}},"7":{"start":{"line":11,"column":21},"end":{"line":11,"column":44}}},"fnMap":{"0":{"name":"(anonymous_0)","decl":{"start":{"line":4,"column":26},"end":{"line":4,"column":27}},"loc":{"start":{"line":4,"column":32},"end":{"line":4,"column":59}},"line":4},"1":{"name":"(anonymous_1)","decl":{"start":{"line":5,"column":15},"end":{"line":5,"column":16}},"loc":{"start":{"line":6,"column":2},"end":{"line":8,"column":11}},"line":6},"2":{"name":"(anonymous_2)","decl":{"start":{"line":6,"column":35},"end":{"line":6,"column":36}},"loc":{"start":{"line":6,"column":40},"end":{"line":6,"column":59}},"line":6},"3":{"name":"(anonymous_3)","decl":{"start":{"line":10,"column":27},"end":{"line":10,"column":28}},"loc":{"start":{"line":10,"column":40},"end":{"line":12,"column":1}},"line":10},"4":{"name":"(anonymous_4)","decl":{"start":{"line":11,"column":15},"end":{"line":11,"column":16}},"loc":{"start":{"line":11,"column":21},"end":{"line":11,"column":44}},"line":11}},"branchMap":{},"s":{"0":1,"1":1,"2":1,"3":0,"4":0,"5":1,"6":0,"7":0},"f":{"0":1,"1":0,"2":0,"3":0,"4":0},"b":{},"_coverageSchema":"43e27e138ebf9cfc5966b082cf9a028302ed4184","hash":"9a0cc0ba2576e5f55a8f6f16feabf2fb5ba79687"}
,"/Users/yves/Desktop/Andela/Simulations/miniproject/readit_frontend/src/redux/actions/index.js": {"path":"/Users/yves/Desktop/Andela/Simulations/miniproject/readit_frontend/src/redux/actions/index.js","statementMap":{"0":{"start":{"line":1,"column":27},"end":{"line":4,"column":2}},"1":{"start":{"line":1,"column":34},"end":{"line":4,"column":1}}},"fnMap":{"0":{"name":"(anonymous_0)","decl":{"start":{"line":1,"column":27},"end":{"line":1,"column":28}},"loc":{"start":{"line":1,"column":34},"end":{"line":4,"column":1}},"line":1}},"branchMap":{},"s":{"0":1,"1":0},"f":{"0":0},"b":{},"_coverageSchema":"43e27e138ebf9cfc5966b082cf9a028302ed4184","hash":"3563ef7f77090a591983ef3d1496588ea82bdf19"}
}
