TN:
SF:/Users/yves/Desktop/Andela/Simulations/miniproject/readit_frontend/src/pages/index.js
FN:4,(anonymous_0)
FN:5,(anonymous_1)
FN:6,(anonymous_2)
FN:10,(anonymous_3)
FN:11,(anonymous_4)
FNF:5
FNH:1
FNDA:1,(anonymous_0)
FNDA:0,(anonymous_1)
FNDA:0,(anonymous_2)
FNDA:0,(anonymous_3)
FNDA:0,(anonymous_4)
DA:4,1
DA:5,1
DA:6,0
DA:10,1
DA:11,0
LF:5
LH:3
BRF:0
BRH:0
end_of_record
TN:
SF:/Users/yves/Desktop/Andela/Simulations/miniproject/readit_frontend/src/redux/actions/index.js
FN:1,(anonymous_0)
FNF:1
FNH:0
FNDA:0,(anonymous_0)
DA:1,1
LF:1
LH:1
BRF:0
BRH:0
end_of_record
